<?xml version="1.0" encoding="UTF-8"?>
<testng-results total="1" passed="1" failed="0" skipped="0">
  <reporter-output>
  </reporter-output>
  <suite started-at="2021-03-15T17:47:22Z" name="Surefire suite" finished-at="2021-03-15T17:47:22Z" duration-ms="12">
    <groups>
    </groups>
    <test started-at="2021-03-15T17:47:22Z" name="Surefire test" finished-at="2021-03-15T17:47:22Z" duration-ms="12">
      <class name="Test.GoogleFormsTestProject.GoogleFormTest">
        <test-method signature="shouldAnswerWithTrue()[pri:0, instance:Test.GoogleFormsTestProject.GoogleFormTest@612679d6]" started-at="2021-03-15T23:17:22Z" name="shouldAnswerWithTrue" finished-at="2021-03-15T23:17:22Z" duration-ms="7" status="PASS">
          <reporter-output>
          </reporter-output>
        </test-method> <!-- shouldAnswerWithTrue -->
      </class> <!-- Test.GoogleFormsTestProject.GoogleFormTest -->
    </test> <!-- Surefire test -->
  </suite> <!-- Surefire suite -->
</testng-results>
