<?xml version="1.0" encoding="UTF-8"?>
<!-- Generated by org.testng.reporters.JUnitXMLReporter -->
<testsuite ignored="0" hostname="LAPTOP-1M928910" failures="1" tests="1" name="Test3" time="0.005" errors="0" timestamp="2021-03-16T13:12:51 IST">
  <testcase classname="Test.GoogleFormsTestProject.CreateGoogleForm" name="createGoogleForm" time="0.0">
    <failure type="org.testng.TestNGException" message="
Cannot inject @Test annotated Method [createGoogleForm] with [interface org.openqa.selenium.WebDriver].
For more information on native dependency injection please refer to http://testng.org/doc/documentation-main.html#native-dependency-injection">
      <![CDATA[org.testng.TestNGException: 
Cannot inject @Test annotated Method [createGoogleForm] with [interface org.openqa.selenium.WebDriver].
For more information on native dependency injection please refer to http://testng.org/doc/documentation-main.html#native-dependency-injection
at java.base/java.util.ArrayList.forEach(ArrayList.java:1511)
... Removed 26 stack frames]]>
    </failure>
  </testcase> <!-- createGoogleForm -->
</testsuite> <!-- Test3 -->
